[debug] [2026-02-07T10:05:24.797Z] ----------------------------------------------------------------------
[debug] [2026-02-07T10:05:24.801Z] Command:       /home/ap/.nvm/versions/node/v22.16.0/bin/node /home/ap/.nvm/versions/node/v22.16.0/bin/firebase deploy
[debug] [2026-02-07T10:05:24.801Z] CLI Version:   15.4.0
[debug] [2026-02-07T10:05:24.801Z] Platform:      linux
[debug] [2026-02-07T10:05:24.802Z] Node Version:  v22.16.0
[debug] [2026-02-07T10:05:24.802Z] Time:          Sat Feb 07 2026 15:35:24 GMT+0530 (India Standard Time)
[debug] [2026-02-07T10:05:24.802Z] ----------------------------------------------------------------------
[debug] 
[debug] [2026-02-07T10:05:26.319Z] > command requires scopes: ["email","openid","https://www.googleapis.com/auth/cloudplatformprojects.readonly","https://www.googleapis.com/auth/firebase","https://www.googleapis.com/auth/cloud-platform"]
[debug] [2026-02-07T10:05:26.320Z] > authorizing via signed-in user (pandeyadarsh515@gmail.com)
[debug] [2026-02-07T10:05:26.320Z] [iam] checking project rentalproj for permissions ["datastore.indexes.create","datastore.indexes.delete","datastore.indexes.list","datastore.indexes.update","firebase.projects.get","firebasehosting.sites.update"]
[debug] [2026-02-07T10:05:26.321Z] Checked if tokens are valid: true, expires at: 1770462038169
[debug] [2026-02-07T10:05:26.321Z] Checked if tokens are valid: true, expires at: 1770462038169
[debug] [2026-02-07T10:05:26.322Z] >>> [apiv2][query] POST https://cloudresourcemanager.googleapis.com/v1/projects/rentalproj:testIamPermissions [none]
[debug] [2026-02-07T10:05:26.323Z] >>> [apiv2][(partial)header] POST https://cloudresourcemanager.googleapis.com/v1/projects/rentalproj:testIamPermissions x-goog-quota-user=projects/rentalproj
[debug] [2026-02-07T10:05:26.323Z] >>> [apiv2][body] POST https://cloudresourcemanager.googleapis.com/v1/projects/rentalproj:testIamPermissions {"permissions":["datastore.indexes.create","datastore.indexes.delete","datastore.indexes.list","datastore.indexes.update","firebase.projects.get","firebasehosting.sites.update"]}
[debug] [2026-02-07T10:05:27.857Z] <<< [apiv2][status] POST https://cloudresourcemanager.googleapis.com/v1/projects/rentalproj:testIamPermissions 200
[debug] [2026-02-07T10:05:27.858Z] <<< [apiv2][body] POST https://cloudresourcemanager.googleapis.com/v1/projects/rentalproj:testIamPermissions {"permissions":["datastore.indexes.create","datastore.indexes.delete","datastore.indexes.list","datastore.indexes.update","firebase.projects.get","firebasehosting.sites.update"]}
[debug] [2026-02-07T10:05:27.858Z] Checked if tokens are valid: true, expires at: 1770462038169
[debug] [2026-02-07T10:05:27.858Z] Checked if tokens are valid: true, expires at: 1770462038169
[debug] [2026-02-07T10:05:27.859Z] >>> [apiv2][query] GET https://firebase.googleapis.com/v1beta1/projects/rentalproj [none]
[debug] [2026-02-07T10:05:28.416Z] <<< [apiv2][status] GET https://firebase.googleapis.com/v1beta1/projects/rentalproj 200
[debug] [2026-02-07T10:05:28.416Z] <<< [apiv2][body] GET https://firebase.googleapis.com/v1beta1/projects/rentalproj {"projectId":"rentalproj","projectNumber":"445553865835","displayName":"rentalproj","name":"projects/rentalproj","resources":{"hostingSite":"rentalproj"},"state":"ACTIVE","etag":"1_8d26a08f-dc36-4a00-b0f9-fa9fc11eb85a"}
[info] 
[info] === Deploying to 'rentalproj'...
[info] 
[info] i  deploying firestore, hosting 
[info] i  firestore: ensuring required API firestore.googleapis.com is enabled... 
[info] i  firestore: ensuring required API firestore.googleapis.com is enabled... 
[debug] [2026-02-07T10:05:28.421Z] Checked if tokens are valid: true, expires at: 1770462038169
[debug] [2026-02-07T10:05:28.421Z] Checked if tokens are valid: true, expires at: 1770462038169
[debug] [2026-02-07T10:05:28.421Z] >>> [apiv2][query] GET https://firestore.googleapis.com/v1/projects/rentalproj/databases/(default) [none]
[debug] [2026-02-07T10:05:30.175Z] <<< [apiv2][status] GET https://firestore.googleapis.com/v1/projects/rentalproj/databases/(default) 200
[debug] [2026-02-07T10:05:30.175Z] <<< [apiv2][body] GET https://firestore.googleapis.com/v1/projects/rentalproj/databases/(default) {"name":"projects/rentalproj/databases/(default)","uid":"4066e889-aefa-4abc-8175-cb9c64ac04eb","createTime":"2026-01-28T18:51:13.545125Z","updateTime":"2026-01-28T18:51:13.545125Z","locationId":"asia-south1","type":"FIRESTORE_NATIVE","concurrencyMode":"PESSIMISTIC","versionRetentionPeriod":"3600s","earliestVersionTime":"2026-02-07T09:05:28.978473Z","appEngineIntegrationMode":"DISABLED","keyPrefix":"j","pointInTimeRecoveryEnablement":"POINT_IN_TIME_RECOVERY_DISABLED","deleteProtectionState":"DELETE_PROTECTION_DISABLED","databaseEdition":"STANDARD","freeTier":true,"realtimeUpdatesMode":"REALTIME_UPDATES_MODE_ENABLED","etag":"IKerhd2Qx5IDML6jws7zrpID"}
[info] i  firestore: reading indexes from firestore.indexes.json... 
[info] i  cloud.firestore: checking firestore.rules for compilation errors... 
[debug] [2026-02-07T10:05:30.176Z] Checked if tokens are valid: true, expires at: 1770462038169
[debug] [2026-02-07T10:05:30.177Z] Checked if tokens are valid: true, expires at: 1770462038169
[debug] [2026-02-07T10:05:30.177Z] >>> [apiv2][query] POST https://firebaserules.googleapis.com/v1/projects/rentalproj:test [none]
[debug] [2026-02-07T10:05:30.177Z] >>> [apiv2][body] POST https://firebaserules.googleapis.com/v1/projects/rentalproj:test [omitted]
[debug] [2026-02-07T10:05:30.791Z] <<< [apiv2][status] POST https://firebaserules.googleapis.com/v1/projects/rentalproj:test 200
[debug] [2026-02-07T10:05:30.791Z] <<< [apiv2][body] POST https://firebaserules.googleapis.com/v1/projects/rentalproj:test {}
[info] ✔  cloud.firestore: rules file firestore.rules compiled successfully 
[debug] [2026-02-07T10:05:30.798Z] Checked if tokens are valid: true, expires at: 1770462038169
[debug] [2026-02-07T10:05:30.798Z] Checked if tokens are valid: true, expires at: 1770462038169
[debug] [2026-02-07T10:05:30.798Z] >>> [apiv2][query] POST https://firebasehosting.googleapis.com/v1beta1/projects/-/sites/rentalproj/versions [none]
[debug] [2026-02-07T10:05:30.798Z] >>> [apiv2][body] POST https://firebasehosting.googleapis.com/v1beta1/projects/-/sites/rentalproj/versions {"status":"CREATED","labels":{"deployment-tool":"cli-firebase"}}
